{"/Users/harttle/repos/brick.js/module/render.js":{"path":"/Users/harttle/repos/brick.js/module/render.js","s":{"1":1,"2":1,"3":1,"4":1,"5":1,"6":1,"7":1,"8":1,"9":0,"10":1,"11":1,"12":3,"13":1,"14":1,"15":1,"16":1,"17":1,"18":1,"19":1,"20":1,"21":1,"22":1,"23":1,"24":4,"25":4,"26":3,"27":1,"28":1,"29":1,"30":1,"31":1,"32":0,"33":1,"34":0,"35":1,"36":1,"37":1,"38":7,"39":1,"40":1},"b":{"1":[1,0],"2":[0,1],"3":[0,1],"4":[7,3]},"f":{"1":3,"2":1,"3":1,"4":4,"5":1},"fnMap":{"1":{"name":"factory","line":16,"loc":{"start":{"line":16,"column":0},"end":{"line":16,"column":23}}},"2":{"name":"(anonymous_2)","line":17,"loc":{"start":{"line":17,"column":11},"end":{"line":17,"column":50}}},"3":{"name":"modularize","line":26,"loc":{"start":{"line":26,"column":0},"end":{"line":26,"column":35}}},"4":{"name":"register","line":35,"loc":{"start":{"line":35,"column":0},"end":{"line":35,"column":32}}},"5":{"name":"linkStatic","line":42,"loc":{"start":{"line":42,"column":0},"end":{"line":42,"column":41}}}},"statementMap":{"1":{"start":{"line":1,"column":0},"end":{"line":1,"column":28}},"2":{"start":{"line":2,"column":0},"end":{"line":2,"column":54}},"3":{"start":{"line":3,"column":0},"end":{"line":3,"column":35}},"4":{"start":{"line":4,"column":0},"end":{"line":4,"column":42}},"5":{"start":{"line":5,"column":0},"end":{"line":5,"column":33}},"6":{"start":{"line":6,"column":0},"end":{"line":6,"column":37}},"7":{"start":{"line":7,"column":0},"end":{"line":7,"column":34}},"8":{"start":{"line":9,"column":0},"end":{"line":13,"column":2}},"9":{"start":{"line":11,"column":24},"end":{"line":11,"column":37}},"10":{"start":{"line":14,"column":0},"end":{"line":14,"column":15}},"11":{"start":{"line":16,"column":0},"end":{"line":24,"column":1}},"12":{"start":{"line":17,"column":4},"end":{"line":23,"column":6}},"13":{"start":{"line":18,"column":8},"end":{"line":18,"column":35}},"14":{"start":{"line":19,"column":8},"end":{"line":19,"column":51}},"15":{"start":{"line":20,"column":8},"end":{"line":20,"column":57}},"16":{"start":{"line":21,"column":8},"end":{"line":22,"column":54}},"17":{"start":{"line":26,"column":0},"end":{"line":33,"column":1}},"18":{"start":{"line":27,"column":4},"end":{"line":27,"column":44}},"19":{"start":{"line":28,"column":4},"end":{"line":29,"column":23}},"20":{"start":{"line":30,"column":4},"end":{"line":30,"column":49}},"21":{"start":{"line":31,"column":4},"end":{"line":31,"column":41}},"22":{"start":{"line":32,"column":4},"end":{"line":32,"column":22}},"23":{"start":{"line":35,"column":0},"end":{"line":40,"column":1}},"24":{"start":{"line":36,"column":4},"end":{"line":36,"column":46}},"25":{"start":{"line":37,"column":4},"end":{"line":38,"column":53}},"26":{"start":{"line":39,"column":4},"end":{"line":39,"column":34}},"27":{"start":{"line":42,"column":0},"end":{"line":54,"column":1}},"28":{"start":{"line":43,"column":4},"end":{"line":44,"column":26}},"29":{"start":{"line":46,"column":4},"end":{"line":46,"column":46}},"30":{"start":{"line":46,"column":28},"end":{"line":46,"column":46}},"31":{"start":{"line":47,"column":4},"end":{"line":47,"column":46}},"32":{"start":{"line":47,"column":28},"end":{"line":47,"column":46}},"33":{"start":{"line":48,"column":4},"end":{"line":48,"column":45}},"34":{"start":{"line":48,"column":28},"end":{"line":48,"column":45}},"35":{"start":{"line":50,"column":4},"end":{"line":52,"column":68}},"36":{"start":{"line":53,"column":4},"end":{"line":53,"column":20}},"37":{"start":{"line":56,"column":0},"end":{"line":56,"column":71}},"38":{"start":{"line":56,"column":26},"end":{"line":56,"column":70}},"39":{"start":{"line":57,"column":0},"end":{"line":57,"column":28}},"40":{"start":{"line":58,"column":0},"end":{"line":58,"column":32}}},"branchMap":{"1":{"line":46,"type":"if","locations":[{"start":{"line":46,"column":4},"end":{"line":46,"column":4}},{"start":{"line":46,"column":4},"end":{"line":46,"column":4}}]},"2":{"line":47,"type":"if","locations":[{"start":{"line":47,"column":4},"end":{"line":47,"column":4}},{"start":{"line":47,"column":4},"end":{"line":47,"column":4}}]},"3":{"line":48,"type":"if","locations":[{"start":{"line":48,"column":4},"end":{"line":48,"column":4}},{"start":{"line":48,"column":4},"end":{"line":48,"column":4}}]},"4":{"line":56,"type":"binary-expr","locations":[{"start":{"line":56,"column":26},"end":{"line":56,"column":37}},{"start":{"line":56,"column":42},"end":{"line":56,"column":69}}]}}},"/Users/harttle/repos/brick.js/io/fs.js":{"path":"/Users/harttle/repos/brick.js/io/fs.js","s":{"1":1,"2":1,"3":1,"4":1,"5":1,"6":1,"7":2,"8":2,"9":1,"10":3,"11":10,"12":1,"13":70,"14":70,"15":35,"16":35,"17":1,"18":2,"19":1},"b":{},"f":{"1":1,"2":3,"3":70},"fnMap":{"1":{"name":"subdirs","line":6,"loc":{"start":{"line":6,"column":0},"end":{"line":6,"column":22}}},"2":{"name":"subdirsSync","line":14,"loc":{"start":{"line":14,"column":0},"end":{"line":14,"column":26}}},"3":{"name":"existSync","line":21,"loc":{"start":{"line":21,"column":0},"end":{"line":21,"column":24}}}},"statementMap":{"1":{"start":{"line":1,"column":0},"end":{"line":1,"column":27}},"2":{"start":{"line":2,"column":0},"end":{"line":2,"column":44}},"3":{"start":{"line":3,"column":0},"end":{"line":3,"column":35}},"4":{"start":{"line":4,"column":0},"end":{"line":4,"column":46}},"5":{"start":{"line":6,"column":0},"end":{"line":12,"column":1}},"6":{"start":{"line":7,"column":4},"end":{"line":11,"column":47}},"7":{"start":{"line":10,"column":12},"end":{"line":11,"column":45}},"8":{"start":{"line":11,"column":26},"end":{"line":11,"column":44}},"9":{"start":{"line":14,"column":0},"end":{"line":19,"column":1}},"10":{"start":{"line":15,"column":4},"end":{"line":18,"column":68}},"11":{"start":{"line":18,"column":12},"end":{"line":18,"column":66}},"12":{"start":{"line":21,"column":0},"end":{"line":30,"column":1}},"13":{"start":{"line":22,"column":4},"end":{"line":29,"column":5}},"14":{"start":{"line":23,"column":8},"end":{"line":24,"column":27}},"15":{"start":{"line":25,"column":8},"end":{"line":25,"column":20}},"16":{"start":{"line":28,"column":8},"end":{"line":28,"column":21}},"17":{"start":{"line":32,"column":0},"end":{"line":40,"column":2}},"18":{"start":{"line":33,"column":18},"end":{"line":33,"column":48}},"19":{"start":{"line":35,"column":22},"end":{"line":35,"column":51}}},"branchMap":{}},"/Users/harttle/repos/brick.js/config.js":{"path":"/Users/harttle/repos/brick.js/config.js","s":{"1":1,"2":1,"3":1,"4":1,"5":1,"6":1,"7":0,"8":1,"9":6,"10":1},"b":{},"f":{"1":1,"2":0,"3":6},"fnMap":{"1":{"name":"(anonymous_1)","line":31,"loc":{"start":{"line":31,"column":9},"end":{"line":31,"column":24}}},"2":{"name":"(anonymous_2)","line":35,"loc":{"start":{"line":35,"column":9},"end":{"line":35,"column":21}}},"3":{"name":"factory","line":40,"loc":{"start":{"line":40,"column":0},"end":{"line":40,"column":23}}}},"statementMap":{"1":{"start":{"line":1,"column":0},"end":{"line":1,"column":28}},"2":{"start":{"line":2,"column":0},"end":{"line":2,"column":35}},"3":{"start":{"line":3,"column":0},"end":{"line":3,"column":29}},"4":{"start":{"line":5,"column":0},"end":{"line":38,"column":2}},"5":{"start":{"line":32,"column":8},"end":{"line":32,"column":20}},"6":{"start":{"line":33,"column":8},"end":{"line":33,"column":20}},"7":{"start":{"line":36,"column":8},"end":{"line":36,"column":23}},"8":{"start":{"line":40,"column":0},"end":{"line":42,"column":1}},"9":{"start":{"line":41,"column":4},"end":{"line":41,"column":37}},"10":{"start":{"line":44,"column":0},"end":{"line":44,"column":26}}},"branchMap":{}},"/Users/harttle/repos/brick.js/io/http.js":{"path":"/Users/harttle/repos/brick.js/io/http.js","s":{"1":1,"2":1,"3":4,"4":4,"5":1,"6":1,"7":0,"8":1,"9":1},"b":{"1":[4,4],"2":[0,0]},"f":{"1":4},"fnMap":{"1":{"name":"send","line":3,"loc":{"start":{"line":3,"column":0},"end":{"line":3,"column":42}}}},"statementMap":{"1":{"start":{"line":1,"column":0},"end":{"line":1,"column":46}},"2":{"start":{"line":3,"column":0},"end":{"line":9,"column":1}},"3":{"start":{"line":4,"column":4},"end":{"line":7,"column":45}},"4":{"start":{"line":8,"column":4},"end":{"line":8,"column":19}},"5":{"start":{"line":11,"column":0},"end":{"line":21,"column":2}},"6":{"start":{"line":14,"column":8},"end":{"line":14,"column":37}},"7":{"start":{"line":16,"column":8},"end":{"line":16,"column":54}},"8":{"start":{"line":18,"column":8},"end":{"line":18,"column":49}},"9":{"start":{"line":20,"column":8},"end":{"line":20,"column":54}}},"branchMap":{"1":{"line":7,"type":"binary-expr","locations":[{"start":{"line":7,"column":13},"end":{"line":7,"column":20}},{"start":{"line":7,"column":24},"end":{"line":7,"column":43}}]},"2":{"line":16,"type":"binary-expr","locations":[{"start":{"line":16,"column":31},"end":{"line":16,"column":37}},{"start":{"line":16,"column":41},"end":{"line":16,"column":44}}]}}},"/Users/harttle/repos/brick.js/module/parser.js":{"path":"/Users/harttle/repos/brick.js/module/parser.js","s":{"1":1,"2":1,"3":1,"4":1,"5":1,"6":1,"7":1,"8":1,"9":1,"10":1,"11":16,"12":16,"13":16,"14":16,"15":16,"16":16,"17":16,"18":16,"19":4,"20":12,"21":16,"22":1,"23":16,"24":16,"25":8,"26":8,"27":1,"28":32,"29":32,"30":32,"31":20,"32":20,"33":32,"34":20,"35":20,"36":32,"37":18,"38":18,"39":32,"40":20,"41":20,"42":32,"43":1},"b":{"1":[8,8],"2":[4,12],"3":[8,8],"4":[8,0],"5":[20,12],"6":[32,24],"7":[20,17,16],"8":[20,12],"9":[32,20],"10":[20,16,16],"11":[18,14],"12":[32,22],"13":[18,15,15],"14":[20,12],"15":[32,24],"16":[20,17,17]},"f":{"1":16,"2":16,"3":32},"fnMap":{"1":{"name":"(anonymous_1)","line":23,"loc":{"start":{"line":23,"column":17},"end":{"line":23,"column":40}}},"2":{"name":"(anonymous_2)","line":42,"loc":{"start":{"line":42,"column":16},"end":{"line":42,"column":35}}},"3":{"name":"normalize","line":50,"loc":{"start":{"line":50,"column":0},"end":{"line":50,"column":23}}}},"statementMap":{"1":{"start":{"line":1,"column":0},"end":{"line":1,"column":29}},"2":{"start":{"line":2,"column":0},"end":{"line":2,"column":33}},"3":{"start":{"line":3,"column":0},"end":{"line":3,"column":31}},"4":{"start":{"line":4,"column":0},"end":{"line":4,"column":42}},"5":{"start":{"line":5,"column":0},"end":{"line":5,"column":28}},"6":{"start":{"line":6,"column":0},"end":{"line":6,"column":54}},"7":{"start":{"line":8,"column":0},"end":{"line":13,"column":2}},"8":{"start":{"line":14,"column":0},"end":{"line":20,"column":2}},"9":{"start":{"line":21,"column":0},"end":{"line":21,"column":16}},"10":{"start":{"line":23,"column":0},"end":{"line":40,"column":2}},"11":{"start":{"line":24,"column":4},"end":{"line":24,"column":33}},"12":{"start":{"line":25,"column":4},"end":{"line":25,"column":66}},"13":{"start":{"line":27,"column":4},"end":{"line":27,"column":73}},"14":{"start":{"line":28,"column":4},"end":{"line":28,"column":53}},"15":{"start":{"line":29,"column":4},"end":{"line":29,"column":60}},"16":{"start":{"line":30,"column":4},"end":{"line":30,"column":57}},"17":{"start":{"line":32,"column":4},"end":{"line":32,"column":57}},"18":{"start":{"line":33,"column":4},"end":{"line":38,"column":5}},"19":{"start":{"line":34,"column":8},"end":{"line":34,"column":31}},"20":{"start":{"line":37,"column":8},"end":{"line":37,"column":24}},"21":{"start":{"line":39,"column":4},"end":{"line":39,"column":15}},"22":{"start":{"line":42,"column":0},"end":{"line":48,"column":2}},"23":{"start":{"line":43,"column":4},"end":{"line":43,"column":48}},"24":{"start":{"line":44,"column":4},"end":{"line":47,"column":19}},"25":{"start":{"line":45,"column":8},"end":{"line":45,"column":35}},"26":{"start":{"line":47,"column":9},"end":{"line":47,"column":19}},"27":{"start":{"line":50,"column":0},"end":{"line":71,"column":1}},"28":{"start":{"line":51,"column":4},"end":{"line":51,"column":16}},"29":{"start":{"line":52,"column":4},"end":{"line":52,"column":81}},"30":{"start":{"line":54,"column":4},"end":{"line":57,"column":5}},"31":{"start":{"line":55,"column":8},"end":{"line":55,"column":47}},"32":{"start":{"line":56,"column":8},"end":{"line":56,"column":81}},"33":{"start":{"line":58,"column":4},"end":{"line":61,"column":5}},"34":{"start":{"line":59,"column":8},"end":{"line":59,"column":46}},"35":{"start":{"line":60,"column":8},"end":{"line":60,"column":86}},"36":{"start":{"line":62,"column":4},"end":{"line":65,"column":5}},"37":{"start":{"line":63,"column":8},"end":{"line":63,"column":49}},"38":{"start":{"line":64,"column":8},"end":{"line":64,"column":94}},"39":{"start":{"line":66,"column":4},"end":{"line":69,"column":5}},"40":{"start":{"line":67,"column":8},"end":{"line":67,"column":49}},"41":{"start":{"line":68,"column":8},"end":{"line":68,"column":94}},"42":{"start":{"line":70,"column":4},"end":{"line":70,"column":15}},"43":{"start":{"line":73,"column":0},"end":{"line":73,"column":24}}},"branchMap":{"1":{"line":29,"type":"cond-expr","locations":[{"start":{"line":29,"column":38},"end":{"line":29,"column":54}},{"start":{"line":29,"column":57},"end":{"line":29,"column":59}}]},"2":{"line":33,"type":"if","locations":[{"start":{"line":33,"column":4},"end":{"line":33,"column":4}},{"start":{"line":33,"column":4},"end":{"line":33,"column":4}}]},"3":{"line":44,"type":"if","locations":[{"start":{"line":44,"column":4},"end":{"line":44,"column":4}},{"start":{"line":44,"column":4},"end":{"line":44,"column":4}}]},"4":{"line":45,"type":"binary-expr","locations":[{"start":{"line":45,"column":15},"end":{"line":45,"column":28}},{"start":{"line":45,"column":32},"end":{"line":45,"column":34}}]},"5":{"line":54,"type":"if","locations":[{"start":{"line":54,"column":4},"end":{"line":54,"column":4}},{"start":{"line":54,"column":4},"end":{"line":54,"column":4}}]},"6":{"line":54,"type":"binary-expr","locations":[{"start":{"line":54,"column":7},"end":{"line":54,"column":11}},{"start":{"line":54,"column":15},"end":{"line":54,"column":25}}]},"7":{"line":56,"type":"binary-expr","locations":[{"start":{"line":56,"column":22},"end":{"line":56,"column":33}},{"start":{"line":56,"column":37},"end":{"line":56,"column":70}},{"start":{"line":56,"column":74},"end":{"line":56,"column":80}}]},"8":{"line":58,"type":"if","locations":[{"start":{"line":58,"column":4},"end":{"line":58,"column":4}},{"start":{"line":58,"column":4},"end":{"line":58,"column":4}}]},"9":{"line":58,"type":"binary-expr","locations":[{"start":{"line":58,"column":7},"end":{"line":58,"column":10}},{"start":{"line":58,"column":14},"end":{"line":58,"column":23}}]},"10":{"line":60,"type":"binary-expr","locations":[{"start":{"line":60,"column":24},"end":{"line":60,"column":37}},{"start":{"line":60,"column":41},"end":{"line":60,"column":76}},{"start":{"line":60,"column":80},"end":{"line":60,"column":85}}]},"11":{"line":62,"type":"if","locations":[{"start":{"line":62,"column":4},"end":{"line":62,"column":4}},{"start":{"line":62,"column":4},"end":{"line":62,"column":4}}]},"12":{"line":62,"type":"binary-expr","locations":[{"start":{"line":62,"column":7},"end":{"line":62,"column":13}},{"start":{"line":62,"column":17},"end":{"line":62,"column":29}}]},"13":{"line":64,"type":"binary-expr","locations":[{"start":{"line":64,"column":27},"end":{"line":64,"column":43}},{"start":{"line":64,"column":47},"end":{"line":64,"column":85}},{"start":{"line":64,"column":89},"end":{"line":64,"column":93}}]},"14":{"line":66,"type":"if","locations":[{"start":{"line":66,"column":4},"end":{"line":66,"column":4}},{"start":{"line":66,"column":4},"end":{"line":66,"column":4}}]},"15":{"line":66,"type":"binary-expr","locations":[{"start":{"line":66,"column":7},"end":{"line":66,"column":13}},{"start":{"line":66,"column":17},"end":{"line":66,"column":29}}]},"16":{"line":68,"type":"binary-expr","locations":[{"start":{"line":68,"column":27},"end":{"line":68,"column":43}},{"start":{"line":68,"column":47},"end":{"line":68,"column":85}},{"start":{"line":68,"column":89},"end":{"line":68,"column":93}}]}}},"/Users/harttle/repos/brick.js/module/wmd.js":{"path":"/Users/harttle/repos/brick.js/module/wmd.js","s":{"1":1,"2":1,"3":1,"4":1,"5":1,"6":1,"7":1,"8":1,"9":1,"10":1,"11":1,"12":1,"13":1,"14":0,"15":0,"16":0,"17":0,"18":0,"19":0,"20":0,"21":0,"22":1,"23":12,"24":12,"25":12,"26":12,"27":12,"28":6,"29":6,"30":6,"31":12,"32":12,"33":6,"34":6,"35":6,"36":12,"37":12,"38":6,"39":6,"40":6,"41":12,"42":12,"43":6,"44":12,"45":6,"46":0,"47":12,"48":12,"49":1,"50":2,"51":1,"52":1,"53":2,"54":8,"55":8,"56":2},"b":{"1":[0,0],"2":[6,6],"3":[6,6],"4":[6,6],"5":[12,0],"6":[6,6],"7":[6,6]},"f":{"1":0,"2":0,"3":0,"4":12,"5":2},"fnMap":{"1":{"name":"(anonymous_1)","line":16,"loc":{"start":{"line":16,"column":10},"end":{"line":16,"column":35}}},"2":{"name":"pctrl","line":17,"loc":{"start":{"line":17,"column":8},"end":{"line":17,"column":32}}},"3":{"name":"(anonymous_3)","line":26,"loc":{"start":{"line":26,"column":13},"end":{"line":26,"column":38}}},"4":{"name":"loadModule","line":33,"loc":{"start":{"line":33,"column":0},"end":{"line":33,"column":34}}},"5":{"name":"(anonymous_5)","line":82,"loc":{"start":{"line":82,"column":18},"end":{"line":82,"column":35}}}},"statementMap":{"1":{"start":{"line":1,"column":0},"end":{"line":1,"column":31}},"2":{"start":{"line":2,"column":0},"end":{"line":2,"column":29}},"3":{"start":{"line":3,"column":0},"end":{"line":3,"column":42}},"4":{"start":{"line":4,"column":0},"end":{"line":4,"column":28}},"5":{"start":{"line":5,"column":0},"end":{"line":5,"column":51}},"6":{"start":{"line":6,"column":0},"end":{"line":6,"column":37}},"7":{"start":{"line":7,"column":0},"end":{"line":7,"column":33}},"8":{"start":{"line":9,"column":0},"end":{"line":9,"column":33}},"9":{"start":{"line":10,"column":0},"end":{"line":10,"column":39}},"10":{"start":{"line":11,"column":0},"end":{"line":11,"column":33}},"11":{"start":{"line":13,"column":0},"end":{"line":13,"column":15}},"12":{"start":{"line":14,"column":0},"end":{"line":31,"column":2}},"13":{"start":{"line":17,"column":8},"end":{"line":21,"column":9}},"14":{"start":{"line":18,"column":12},"end":{"line":18,"column":39}},"15":{"start":{"line":19,"column":12},"end":{"line":19,"column":51}},"16":{"start":{"line":20,"column":12},"end":{"line":20,"column":38}},"17":{"start":{"line":22,"column":8},"end":{"line":23,"column":77}},"18":{"start":{"line":23,"column":25},"end":{"line":23,"column":75}},"19":{"start":{"line":27,"column":8},"end":{"line":28,"column":75}},"20":{"start":{"line":28,"column":25},"end":{"line":28,"column":73}},"21":{"start":{"line":30,"column":28},"end":{"line":30,"column":49}},"22":{"start":{"line":33,"column":0},"end":{"line":78,"column":1}},"23":{"start":{"line":35,"column":4},"end":{"line":35,"column":36}},"24":{"start":{"line":36,"column":4},"end":{"line":36,"column":43}},"25":{"start":{"line":38,"column":4},"end":{"line":43,"column":7}},"26":{"start":{"line":45,"column":4},"end":{"line":45,"column":52}},"27":{"start":{"line":46,"column":4},"end":{"line":50,"column":5}},"28":{"start":{"line":47,"column":8},"end":{"line":47,"column":26}},"29":{"start":{"line":48,"column":8},"end":{"line":48,"column":31}},"30":{"start":{"line":49,"column":8},"end":{"line":49,"column":63}},"31":{"start":{"line":52,"column":4},"end":{"line":52,"column":54}},"32":{"start":{"line":53,"column":4},"end":{"line":57,"column":5}},"33":{"start":{"line":54,"column":8},"end":{"line":54,"column":28}},"34":{"start":{"line":55,"column":8},"end":{"line":55,"column":33}},"35":{"start":{"line":56,"column":8},"end":{"line":56,"column":53}},"36":{"start":{"line":59,"column":4},"end":{"line":59,"column":58}},"37":{"start":{"line":60,"column":4},"end":{"line":64,"column":5}},"38":{"start":{"line":61,"column":8},"end":{"line":61,"column":32}},"39":{"start":{"line":62,"column":8},"end":{"line":62,"column":37}},"40":{"start":{"line":63,"column":8},"end":{"line":63,"column":68}},"41":{"start":{"line":66,"column":4},"end":{"line":66,"column":45}},"42":{"start":{"line":67,"column":4},"end":{"line":69,"column":5}},"43":{"start":{"line":68,"column":8},"end":{"line":68,"column":26}},"44":{"start":{"line":70,"column":4},"end":{"line":74,"column":5}},"45":{"start":{"line":71,"column":8},"end":{"line":73,"column":17}},"46":{"start":{"line":71,"column":37},"end":{"line":73,"column":16}},"47":{"start":{"line":76,"column":4},"end":{"line":76,"column":41}},"48":{"start":{"line":77,"column":4},"end":{"line":77,"column":31}},"49":{"start":{"line":80,"column":0},"end":{"line":80,"column":54}},"50":{"start":{"line":80,"column":21},"end":{"line":80,"column":53}},"51":{"start":{"line":81,"column":0},"end":{"line":81,"column":32}},"52":{"start":{"line":82,"column":0},"end":{"line":87,"column":2}},"53":{"start":{"line":83,"column":4},"end":{"line":85,"column":47}},"54":{"start":{"line":84,"column":20},"end":{"line":84,"column":50}},"55":{"start":{"line":85,"column":21},"end":{"line":85,"column":45}},"56":{"start":{"line":86,"column":4},"end":{"line":86,"column":19}}},"branchMap":{"1":{"line":28,"type":"binary-expr","locations":[{"start":{"line":28,"column":36},"end":{"line":28,"column":39}},{"start":{"line":28,"column":43},"end":{"line":28,"column":45}}]},"2":{"line":46,"type":"if","locations":[{"start":{"line":46,"column":4},"end":{"line":46,"column":4}},{"start":{"line":46,"column":4},"end":{"line":46,"column":4}}]},"3":{"line":53,"type":"if","locations":[{"start":{"line":53,"column":4},"end":{"line":53,"column":4}},{"start":{"line":53,"column":4},"end":{"line":53,"column":4}}]},"4":{"line":60,"type":"if","locations":[{"start":{"line":60,"column":4},"end":{"line":60,"column":4}},{"start":{"line":60,"column":4},"end":{"line":60,"column":4}}]},"5":{"line":66,"type":"binary-expr","locations":[{"start":{"line":66,"column":14},"end":{"line":66,"column":38}},{"start":{"line":66,"column":42},"end":{"line":66,"column":44}}]},"6":{"line":67,"type":"if","locations":[{"start":{"line":67,"column":4},"end":{"line":67,"column":4}},{"start":{"line":67,"column":4},"end":{"line":67,"column":4}}]},"7":{"line":70,"type":"if","locations":[{"start":{"line":70,"column":4},"end":{"line":70,"column":4}},{"start":{"line":70,"column":4},"end":{"line":70,"column":4}}]}}},"/Users/harttle/repos/brick.js/module/processor.js":{"path":"/Users/harttle/repos/brick.js/module/processor.js","s":{"1":1,"2":1,"3":1,"4":1,"5":1,"6":1,"7":1,"8":1,"9":1,"10":1,"11":1,"12":1,"13":1,"14":1,"15":1,"16":1,"17":0,"18":1,"19":1,"20":1,"21":3,"22":3,"23":2,"24":2,"25":2,"26":2,"27":1,"28":2,"29":1,"30":1,"31":1,"32":1,"33":3,"34":3,"35":2,"36":1,"37":1,"38":13,"39":13,"40":1,"41":7,"42":1,"43":6,"44":1},"b":{"1":[0,1],"2":[13,5]},"f":{"1":1,"2":0,"3":3,"4":2,"5":3,"6":13},"fnMap":{"1":{"name":"compile","line":17,"loc":{"start":{"line":17,"column":12},"end":{"line":17,"column":34}}},"2":{"name":"parseError","line":24,"loc":{"start":{"line":24,"column":16},"end":{"line":24,"column":38}}},"3":{"name":"css","line":38,"loc":{"start":{"line":38,"column":0},"end":{"line":38,"column":23}}},"4":{"name":"js","line":50,"loc":{"start":{"line":50,"column":0},"end":{"line":50,"column":22}}},"5":{"name":"register","line":58,"loc":{"start":{"line":58,"column":0},"end":{"line":58,"column":34}}},"6":{"name":"cacheable","line":66,"loc":{"start":{"line":66,"column":0},"end":{"line":66,"column":33}}}},"statementMap":{"1":{"start":{"line":1,"column":0},"end":{"line":1,"column":29}},"2":{"start":{"line":2,"column":0},"end":{"line":2,"column":28}},"3":{"start":{"line":3,"column":0},"end":{"line":3,"column":42}},"4":{"start":{"line":4,"column":0},"end":{"line":4,"column":57}},"5":{"start":{"line":5,"column":0},"end":{"line":5,"column":37}},"6":{"start":{"line":6,"column":0},"end":{"line":6,"column":33}},"7":{"start":{"line":7,"column":0},"end":{"line":7,"column":35}},"8":{"start":{"line":8,"column":0},"end":{"line":8,"column":29}},"9":{"start":{"line":9,"column":0},"end":{"line":9,"column":31}},"10":{"start":{"line":11,"column":0},"end":{"line":36,"column":2}},"11":{"start":{"line":13,"column":24},"end":{"line":13,"column":37}},"12":{"start":{"line":17,"column":12},"end":{"line":30,"column":13}},"13":{"start":{"line":18,"column":16},"end":{"line":22,"column":19}},"14":{"start":{"line":19,"column":20},"end":{"line":21,"column":23}},"15":{"start":{"line":20,"column":24},"end":{"line":20,"column":79}},"16":{"start":{"line":24,"column":16},"end":{"line":29,"column":17}},"17":{"start":{"line":25,"column":20},"end":{"line":28,"column":22}},"18":{"start":{"line":31,"column":12},"end":{"line":33,"column":31}},"19":{"start":{"line":32,"column":29},"end":{"line":32,"column":57}},"20":{"start":{"line":38,"column":0},"end":{"line":48,"column":1}},"21":{"start":{"line":39,"column":4},"end":{"line":39,"column":59}},"22":{"start":{"line":40,"column":4},"end":{"line":47,"column":6}},"23":{"start":{"line":41,"column":8},"end":{"line":41,"column":41}},"24":{"start":{"line":43,"column":8},"end":{"line":43,"column":30}},"25":{"start":{"line":45,"column":8},"end":{"line":45,"column":57}},"26":{"start":{"line":46,"column":8},"end":{"line":46,"column":57}},"27":{"start":{"line":50,"column":0},"end":{"line":56,"column":1}},"28":{"start":{"line":51,"column":4},"end":{"line":55,"column":6}},"29":{"start":{"line":52,"column":8},"end":{"line":52,"column":41}},"30":{"start":{"line":53,"column":8},"end":{"line":53,"column":57}},"31":{"start":{"line":54,"column":8},"end":{"line":54,"column":49}},"32":{"start":{"line":58,"column":0},"end":{"line":63,"column":1}},"33":{"start":{"line":59,"column":4},"end":{"line":59,"column":52}},"34":{"start":{"line":60,"column":4},"end":{"line":61,"column":56}},"35":{"start":{"line":62,"column":4},"end":{"line":62,"column":40}},"36":{"start":{"line":65,"column":0},"end":{"line":65,"column":15}},"37":{"start":{"line":66,"column":0},"end":{"line":69,"column":1}},"38":{"start":{"line":67,"column":4},"end":{"line":67,"column":32}},"39":{"start":{"line":68,"column":4},"end":{"line":68,"column":50}},"40":{"start":{"line":71,"column":0},"end":{"line":71,"column":55}},"41":{"start":{"line":71,"column":29},"end":{"line":71,"column":54}},"42":{"start":{"line":72,"column":0},"end":{"line":72,"column":53}},"43":{"start":{"line":72,"column":28},"end":{"line":72,"column":52}},"44":{"start":{"line":73,"column":0},"end":{"line":73,"column":28}}},"branchMap":{"1":{"line":20,"type":"cond-expr","locations":[{"start":{"line":20,"column":35},"end":{"line":20,"column":56}},{"start":{"line":20,"column":59},"end":{"line":20,"column":78}}]},"2":{"line":68,"type":"binary-expr","locations":[{"start":{"line":68,"column":11},"end":{"line":68,"column":19}},{"start":{"line":68,"column":24},"end":{"line":68,"column":48}}]}}},"/Users/harttle/repos/brick.js/app/static.js":{"path":"/Users/harttle/repos/brick.js/app/static.js","s":{"1":1,"2":1,"3":1,"4":1,"5":1,"6":1,"7":1,"8":1,"9":1,"10":1,"11":4,"12":4,"13":1,"14":2,"15":2,"16":1,"17":2,"18":1,"19":1,"20":2,"21":2,"22":1,"23":2,"24":2,"25":2,"26":1,"27":2,"28":1,"29":1,"30":2,"31":2,"32":2,"33":1,"34":2,"35":2,"36":1,"37":0,"38":0,"39":0,"40":0,"41":0,"42":0,"43":0,"44":0,"45":0,"46":0,"47":0,"48":0,"49":1,"50":4,"51":6,"52":1,"53":4},"b":{"1":[1,1],"2":[1,1],"3":[0,0],"4":[0,0]},"f":{"1":4,"2":2,"3":2,"4":2,"5":2,"6":2,"7":2,"8":2,"9":0,"10":4},"fnMap":{"1":{"name":"Static","line":11,"loc":{"start":{"line":11,"column":0},"end":{"line":11,"column":33}}},"2":{"name":"(anonymous_2)","line":16,"loc":{"start":{"line":16,"column":26},"end":{"line":16,"column":37}}},"3":{"name":"render","line":23,"loc":{"start":{"line":23,"column":4},"end":{"line":23,"column":25}}},"4":{"name":"commentize","line":28,"loc":{"start":{"line":28,"column":4},"end":{"line":28,"column":30}}},"5":{"name":"(anonymous_5)","line":36,"loc":{"start":{"line":36,"column":25},"end":{"line":36,"column":36}}},"6":{"name":"render","line":45,"loc":{"start":{"line":45,"column":4},"end":{"line":45,"column":25}}},"7":{"name":"isolate","line":49,"loc":{"start":{"line":49,"column":4},"end":{"line":49,"column":26}}},"8":{"name":"commentize","line":54,"loc":{"start":{"line":54,"column":4},"end":{"line":54,"column":30}}},"9":{"name":"(anonymous_9)","line":62,"loc":{"start":{"line":62,"column":27},"end":{"line":62,"column":38}}},"10":{"name":"combine","line":82,"loc":{"start":{"line":82,"column":0},"end":{"line":82,"column":24}}}},"statementMap":{"1":{"start":{"line":1,"column":0},"end":{"line":1,"column":31}},"2":{"start":{"line":2,"column":0},"end":{"line":2,"column":35}},"3":{"start":{"line":3,"column":0},"end":{"line":3,"column":29}},"4":{"start":{"line":4,"column":0},"end":{"line":4,"column":28}},"5":{"start":{"line":5,"column":0},"end":{"line":5,"column":42}},"6":{"start":{"line":6,"column":0},"end":{"line":6,"column":51}},"7":{"start":{"line":7,"column":0},"end":{"line":7,"column":35}},"8":{"start":{"line":8,"column":0},"end":{"line":8,"column":37}},"9":{"start":{"line":9,"column":0},"end":{"line":9,"column":38}},"10":{"start":{"line":11,"column":0},"end":{"line":14,"column":1}},"11":{"start":{"line":12,"column":4},"end":{"line":12,"column":25}},"12":{"start":{"line":13,"column":4},"end":{"line":13,"column":27}},"13":{"start":{"line":16,"column":0},"end":{"line":34,"column":2}},"14":{"start":{"line":17,"column":4},"end":{"line":17,"column":45}},"15":{"start":{"line":18,"column":4},"end":{"line":21,"column":23}},"16":{"start":{"line":23,"column":4},"end":{"line":26,"column":5}},"17":{"start":{"line":24,"column":8},"end":{"line":25,"column":36}},"18":{"start":{"line":24,"column":55},"end":{"line":24,"column":67}},"19":{"start":{"line":28,"column":4},"end":{"line":33,"column":5}},"20":{"start":{"line":29,"column":8},"end":{"line":31,"column":54}},"21":{"start":{"line":32,"column":8},"end":{"line":32,"column":38}},"22":{"start":{"line":36,"column":0},"end":{"line":60,"column":2}},"23":{"start":{"line":37,"column":4},"end":{"line":37,"column":44}},"24":{"start":{"line":38,"column":4},"end":{"line":43,"column":23}},"25":{"start":{"line":42,"column":23},"end":{"line":42,"column":52}},"26":{"start":{"line":45,"column":4},"end":{"line":48,"column":5}},"27":{"start":{"line":46,"column":8},"end":{"line":47,"column":36}},"28":{"start":{"line":46,"column":61},"end":{"line":46,"column":71}},"29":{"start":{"line":49,"column":4},"end":{"line":53,"column":5}},"30":{"start":{"line":50,"column":8},"end":{"line":50,"column":80}},"31":{"start":{"line":51,"column":8},"end":{"line":51,"column":67}},"32":{"start":{"line":52,"column":8},"end":{"line":52,"column":20}},"33":{"start":{"line":54,"column":4},"end":{"line":59,"column":5}},"34":{"start":{"line":55,"column":8},"end":{"line":57,"column":54}},"35":{"start":{"line":58,"column":8},"end":{"line":58,"column":38}},"36":{"start":{"line":62,"column":0},"end":{"line":80,"column":2}},"37":{"start":{"line":63,"column":4},"end":{"line":66,"column":32}},"38":{"start":{"line":68,"column":4},"end":{"line":72,"column":61}},"39":{"start":{"line":68,"column":50},"end":{"line":72,"column":59}},"40":{"start":{"line":69,"column":25},"end":{"line":69,"column":72}},"41":{"start":{"line":71,"column":25},"end":{"line":71,"column":60}},"42":{"start":{"line":72,"column":20},"end":{"line":72,"column":58}},"43":{"start":{"line":74,"column":4},"end":{"line":78,"column":68}},"44":{"start":{"line":74,"column":51},"end":{"line":78,"column":66}},"45":{"start":{"line":75,"column":25},"end":{"line":75,"column":58}},"46":{"start":{"line":77,"column":25},"end":{"line":77,"column":62}},"47":{"start":{"line":78,"column":20},"end":{"line":78,"column":65}},"48":{"start":{"line":79,"column":4},"end":{"line":79,"column":18}},"49":{"start":{"line":82,"column":0},"end":{"line":84,"column":1}},"50":{"start":{"line":83,"column":4},"end":{"line":83,"column":57}},"51":{"start":{"line":83,"column":40},"end":{"line":83,"column":51}},"52":{"start":{"line":86,"column":0},"end":{"line":86,"column":60}},"53":{"start":{"line":86,"column":35},"end":{"line":86,"column":59}}},"branchMap":{"1":{"line":24,"type":"cond-expr","locations":[{"start":{"line":24,"column":25},"end":{"line":24,"column":69}},{"start":{"line":25,"column":14},"end":{"line":25,"column":35}}]},"2":{"line":46,"type":"cond-expr","locations":[{"start":{"line":46,"column":28},"end":{"line":46,"column":73}},{"start":{"line":47,"column":14},"end":{"line":47,"column":35}}]},"3":{"line":71,"type":"binary-expr","locations":[{"start":{"line":71,"column":25},"end":{"line":71,"column":31}},{"start":{"line":71,"column":35},"end":{"line":71,"column":60}}]},"4":{"line":77,"type":"binary-expr","locations":[{"start":{"line":77,"column":25},"end":{"line":77,"column":32}},{"start":{"line":77,"column":36},"end":{"line":77,"column":62}}]}}},"/Users/harttle/repos/brick.js/app/client.js":{"path":"/Users/harttle/repos/brick.js/app/client.js","s":{"1":1,"2":1,"3":1,"4":1,"5":1,"6":1,"7":1,"8":1},"b":{},"f":{"1":1},"fnMap":{"1":{"name":"loader","line":5,"loc":{"start":{"line":5,"column":0},"end":{"line":5,"column":17}}}},"statementMap":{"1":{"start":{"line":1,"column":0},"end":{"line":1,"column":31}},"2":{"start":{"line":2,"column":0},"end":{"line":2,"column":29}},"3":{"start":{"line":3,"column":0},"end":{"line":3,"column":71}},"4":{"start":{"line":5,"column":0},"end":{"line":11,"column":1}},"5":{"start":{"line":6,"column":4},"end":{"line":6,"column":60}},"6":{"start":{"line":7,"column":4},"end":{"line":9,"column":30}},"7":{"start":{"line":10,"column":4},"end":{"line":10,"column":36}},"8":{"start":{"line":13,"column":0},"end":{"line":13,"column":26}}},"branchMap":{}}}