TN:
SF:/Users/harttle/repos/brick.js/module/render.js
FN:16,factory
FN:17,(anonymous_2)
FN:26,modularize
FN:35,register
FN:42,linkStatic
FNF:5
FNH:5
FNDA:3,factory
FNDA:1,(anonymous_2)
FNDA:1,modularize
FNDA:4,register
FNDA:1,linkStatic
DA:1,1
DA:2,1
DA:3,1
DA:4,1
DA:5,1
DA:6,1
DA:7,1
DA:9,1
DA:11,0
DA:14,1
DA:16,1
DA:17,3
DA:18,1
DA:19,1
DA:20,1
DA:21,1
DA:26,1
DA:27,1
DA:28,1
DA:30,1
DA:31,1
DA:32,1
DA:35,1
DA:36,4
DA:37,4
DA:39,3
DA:42,1
DA:43,1
DA:46,1
DA:47,1
DA:48,1
DA:50,1
DA:53,1
DA:56,7
DA:57,1
DA:58,1
LF:36
LH:35
BRDA:46,1,0,1
BRDA:46,1,1,0
BRDA:47,2,0,0
BRDA:47,2,1,1
BRDA:48,3,0,0
BRDA:48,3,1,1
BRDA:56,4,0,7
BRDA:56,4,1,3
BRF:8
BRH:5
end_of_record
TN:
SF:/Users/harttle/repos/brick.js/io/fs.js
FN:6,subdirs
FN:14,subdirsSync
FN:21,existSync
FNF:3
FNH:3
FNDA:1,subdirs
FNDA:3,subdirsSync
FNDA:70,existSync
DA:1,1
DA:2,1
DA:3,1
DA:4,1
DA:6,1
DA:7,1
DA:10,2
DA:11,2
DA:14,1
DA:15,3
DA:18,10
DA:21,1
DA:22,70
DA:23,70
DA:25,35
DA:28,35
DA:32,1
DA:33,2
DA:35,1
LF:19
LH:19
BRF:0
BRH:0
end_of_record
TN:
SF:/Users/harttle/repos/brick.js/config.js
FN:31,(anonymous_1)
FN:35,(anonymous_2)
FN:40,factory
FNF:3
FNH:2
FNDA:1,(anonymous_1)
FNDA:0,(anonymous_2)
FNDA:6,factory
DA:1,1
DA:2,1
DA:3,1
DA:5,1
DA:32,1
DA:33,1
DA:36,0
DA:40,1
DA:41,6
DA:44,1
LF:10
LH:9
BRF:0
BRH:0
end_of_record
TN:
SF:/Users/harttle/repos/brick.js/io/http.js
FN:3,send
FNF:1
FNH:1
FNDA:4,send
DA:1,1
DA:3,1
DA:4,4
DA:8,4
DA:11,1
DA:14,1
DA:16,0
DA:18,1
DA:20,1
LF:9
LH:8
BRDA:7,1,0,4
BRDA:7,1,1,4
BRDA:16,2,0,0
BRDA:16,2,1,0
BRF:4
BRH:2
end_of_record
TN:
SF:/Users/harttle/repos/brick.js/module/parser.js
FN:23,(anonymous_1)
FN:42,(anonymous_2)
FN:50,normalize
FNF:3
FNH:3
FNDA:16,(anonymous_1)
FNDA:16,(anonymous_2)
FNDA:32,normalize
DA:1,1
DA:2,1
DA:3,1
DA:4,1
DA:5,1
DA:6,1
DA:8,1
DA:14,1
DA:21,1
DA:23,1
DA:24,16
DA:25,16
DA:27,16
DA:28,16
DA:29,16
DA:30,16
DA:32,16
DA:33,16
DA:34,4
DA:37,12
DA:39,16
DA:42,1
DA:43,16
DA:44,16
DA:45,8
DA:47,8
DA:50,1
DA:51,32
DA:52,32
DA:54,32
DA:55,20
DA:56,20
DA:58,32
DA:59,20
DA:60,20
DA:62,32
DA:63,18
DA:64,18
DA:66,32
DA:67,20
DA:68,20
DA:70,32
DA:73,1
LF:43
LH:43
BRDA:29,1,0,8
BRDA:29,1,1,8
BRDA:33,2,0,4
BRDA:33,2,1,12
BRDA:44,3,0,8
BRDA:44,3,1,8
BRDA:45,4,0,8
BRDA:45,4,1,0
BRDA:54,5,0,20
BRDA:54,5,1,12
BRDA:54,6,0,32
BRDA:54,6,1,24
BRDA:56,7,0,20
BRDA:56,7,1,17
BRDA:56,7,2,16
BRDA:58,8,0,20
BRDA:58,8,1,12
BRDA:58,9,0,32
BRDA:58,9,1,20
BRDA:60,10,0,20
BRDA:60,10,1,16
BRDA:60,10,2,16
BRDA:62,11,0,18
BRDA:62,11,1,14
BRDA:62,12,0,32
BRDA:62,12,1,22
BRDA:64,13,0,18
BRDA:64,13,1,15
BRDA:64,13,2,15
BRDA:66,14,0,20
BRDA:66,14,1,12
BRDA:66,15,0,32
BRDA:66,15,1,24
BRDA:68,16,0,20
BRDA:68,16,1,17
BRDA:68,16,2,17
BRF:36
BRH:35
end_of_record
TN:
SF:/Users/harttle/repos/brick.js/module/wmd.js
FN:16,(anonymous_1)
FN:17,pctrl
FN:26,(anonymous_3)
FN:33,loadModule
FN:82,(anonymous_5)
FNF:5
FNH:2
FNDA:0,(anonymous_1)
FNDA:0,pctrl
FNDA:0,(anonymous_3)
FNDA:12,loadModule
FNDA:2,(anonymous_5)
DA:1,1
DA:2,1
DA:3,1
DA:4,1
DA:5,1
DA:6,1
DA:7,1
DA:9,1
DA:10,1
DA:11,1
DA:13,1
DA:14,1
DA:17,1
DA:18,0
DA:19,0
DA:20,0
DA:22,0
DA:23,0
DA:27,0
DA:28,0
DA:30,0
DA:33,1
DA:35,12
DA:36,12
DA:38,12
DA:45,12
DA:46,12
DA:47,6
DA:48,6
DA:49,6
DA:52,12
DA:53,12
DA:54,6
DA:55,6
DA:56,6
DA:59,12
DA:60,12
DA:61,6
DA:62,6
DA:63,6
DA:66,12
DA:67,12
DA:68,6
DA:70,12
DA:71,6
DA:76,12
DA:77,12
DA:80,2
DA:81,1
DA:82,1
DA:83,2
DA:84,8
DA:85,8
DA:86,2
LF:54
LH:46
BRDA:28,1,0,0
BRDA:28,1,1,0
BRDA:46,2,0,6
BRDA:46,2,1,6
BRDA:53,3,0,6
BRDA:53,3,1,6
BRDA:60,4,0,6
BRDA:60,4,1,6
BRDA:66,5,0,12
BRDA:66,5,1,0
BRDA:67,6,0,6
BRDA:67,6,1,6
BRDA:70,7,0,6
BRDA:70,7,1,6
BRF:14
BRH:11
end_of_record
TN:
SF:/Users/harttle/repos/brick.js/module/processor.js
FN:17,compile
FN:24,parseError
FN:38,css
FN:50,js
FN:58,register
FN:66,cacheable
FNF:6
FNH:5
FNDA:1,compile
FNDA:0,parseError
FNDA:3,css
FNDA:2,js
FNDA:3,register
FNDA:13,cacheable
DA:1,1
DA:2,1
DA:3,1
DA:4,1
DA:5,1
DA:6,1
DA:7,1
DA:8,1
DA:9,1
DA:11,1
DA:13,1
DA:17,1
DA:18,1
DA:19,1
DA:20,1
DA:24,1
DA:25,0
DA:31,1
DA:32,1
DA:38,1
DA:39,3
DA:40,3
DA:41,2
DA:43,2
DA:45,2
DA:46,2
DA:50,1
DA:51,2
DA:52,1
DA:53,1
DA:54,1
DA:58,1
DA:59,3
DA:60,3
DA:62,2
DA:65,1
DA:66,1
DA:67,13
DA:68,13
DA:71,7
DA:72,6
DA:73,1
LF:42
LH:41
BRDA:20,1,0,0
BRDA:20,1,1,1
BRDA:68,2,0,13
BRDA:68,2,1,5
BRF:4
BRH:3
end_of_record
TN:
SF:/Users/harttle/repos/brick.js/app/static.js
FN:11,Static
FN:16,(anonymous_2)
FN:23,render
FN:28,commentize
FN:36,(anonymous_5)
FN:45,render
FN:49,isolate
FN:54,commentize
FN:62,(anonymous_9)
FN:82,combine
FNF:10
FNH:9
FNDA:4,Static
FNDA:2,(anonymous_2)
FNDA:2,render
FNDA:2,commentize
FNDA:2,(anonymous_5)
FNDA:2,render
FNDA:2,isolate
FNDA:2,commentize
FNDA:0,(anonymous_9)
FNDA:4,combine
DA:1,1
DA:2,1
DA:3,1
DA:4,1
DA:5,1
DA:6,1
DA:7,1
DA:8,1
DA:9,1
DA:11,1
DA:12,4
DA:13,4
DA:16,1
DA:17,2
DA:18,2
DA:23,1
DA:24,2
DA:28,1
DA:29,2
DA:32,2
DA:36,1
DA:37,2
DA:38,2
DA:42,2
DA:45,1
DA:46,2
DA:49,1
DA:50,2
DA:51,2
DA:52,2
DA:54,1
DA:55,2
DA:58,2
DA:62,1
DA:63,0
DA:68,0
DA:69,0
DA:71,0
DA:72,0
DA:74,0
DA:75,0
DA:77,0
DA:78,0
DA:79,0
DA:82,1
DA:83,6
DA:86,4
LF:47
LH:37
BRDA:24,1,0,1
BRDA:24,1,1,1
BRDA:46,2,0,1
BRDA:46,2,1,1
BRDA:71,3,0,0
BRDA:71,3,1,0
BRDA:77,4,0,0
BRDA:77,4,1,0
BRF:8
BRH:4
end_of_record
TN:
SF:/Users/harttle/repos/brick.js/app/client.js
FN:5,loader
FNF:1
FNH:1
FNDA:1,loader
DA:1,1
DA:2,1
DA:3,1
DA:5,1
DA:6,1
DA:7,1
DA:10,1
DA:13,1
LF:8
LH:8
BRF:0
BRH:0
end_of_record
